Arguments: 
  /opt/homebrew/Cellar/node@16/16.19.0_1/bin/node /opt/homebrew/bin/yarn add @redis

PATH: 
  /opt/homebrew/opt/libpq/bin:/opt/homebrew/opt/libpq/bin:/opt/homebrew/bin:/opt/homebrew/sbin:/opt/homebrew/opt/node@16/bin:/opt/homebrew/opt/libpq/bin:/opt/homebrew/bin:/opt/homebrew/sbin:/usr/local/bin:/System/Cryptexes/App/usr/bin:/usr/bin:/bin:/usr/sbin:/sbin:/Library/Apple/usr/bin:/opt/homebrew/opt/node@16/bin:/opt/homebrew/opt/libpq/bin:/opt/homebrew/bin:/opt/homebrew/sbin:/Users/tanutaranchayanont/Documents/local-installation/flutter/bin:/Users/tanutaranchayanont/go/bin:/Users/tanutaranchayanont/Documents/local-installation/flutter/bin:/Users/tanutaranchayanont/go/bin:/Users/tanutaranchayanont/Documents/local-installation/flutter/bin:/Users/tanutaranchayanont/go/bin

Yarn version: 
  1.22.17

Node version: 
  16.19.0

Platform: 
  darwin arm64

Trace: 
  Error: https://registry.yarnpkg.com/@redis: Request "https://registry.yarnpkg.com/@redis" returned a 405
      at Request.params.callback [as _callback] (/opt/homebrew/lib/node_modules/yarn/lib/cli.js:67038:18)
      at Request.self.callback (/opt/homebrew/lib/node_modules/yarn/lib/cli.js:140883:22)
      at Request.emit (node:events:513:28)
      at Request.<anonymous> (/opt/homebrew/lib/node_modules/yarn/lib/cli.js:141855:10)
      at Request.emit (node:events:513:28)
      at IncomingMessage.<anonymous> (/opt/homebrew/lib/node_modules/yarn/lib/cli.js:141777:12)
      at Object.onceWrapper (node:events:627:28)
      at IncomingMessage.emit (node:events:525:35)
      at endReadableNT (node:internal/streams/readable:1358:12)
      at processTicksAndRejections (node:internal/process/task_queues:83:21)

npm manifest: 
  {
    "name": "scg-cgs-snappy-poc",
    "version": "1.0.0",
    "main": "index.js",
    "license": "MIT"
  }

yarn manifest: 
  No manifest

Lockfile: 
  No lockfile
